TN:
SF:client/src/App.jsx
FN:6,(anonymous_0)
FN:15,(anonymous_1)
FN:19,(anonymous_2)
FN:21,(anonymous_3)
FN:28,(anonymous_4)
FNF:5
FNH:4
FNDA:1,(anonymous_0)
FNDA:1,(anonymous_1)
FNDA:1,(anonymous_2)
FNDA:0,(anonymous_3)
FNDA:1,(anonymous_4)
DA:7,1
DA:8,1
DA:12,1
DA:16,1
DA:20,1
DA:22,0
DA:29,1
LF:7
LH:6
BRF:0
BRH:0
end_of_record
TN:
SF:client/src/components/Image.jsx
FN:4,(anonymous_0)
FN:11,(anonymous_1)
FNF:2
FNH:0
FNDA:0,(anonymous_0)
FNDA:0,(anonymous_1)
DA:5,0
DA:6,0
DA:12,0
LF:3
LH:0
BRF:0
BRH:0
end_of_record
TN:
SF:client/src/components/ImageList.jsx
FN:4,ImageList
FN:7,(anonymous_1)
FNF:2
FNH:0
FNDA:0,ImageList
FNDA:0,(anonymous_1)
DA:5,0
DA:8,0
LF:2
LH:0
BRF:0
BRH:0
end_of_record
